02-10-2024 14:36:54.107 [main] [-] INFO  order-service-c.s.e.o.OrderServiceApplication.logStarting - Starting OrderServiceApplication using Java 21.0.3 with PID 18996 (E:\Spring_Boot_Coding_Shuttle\1_to_100\WEEK_4\ecommerce\order-service\target\classes started by saura in E:\Spring_Boot_Coding_Shuttle\1_to_100\WEEK_4\ecommerce)
02-10-2024 14:36:54.109 [main] [-] INFO  order-service-c.s.e.o.OrderServiceApplication.logStartupProfileInfo - The following 1 profile is active: "dev"
02-10-2024 14:36:54.206 [main] [-] INFO  order-service-o.s.c.c.c.ConfigServerConfigDataLoader.logTo - Fetching config from server at : http://localhost:8888
02-10-2024 14:36:54.206 [main] [-] INFO  order-service-o.s.c.c.c.ConfigServerConfigDataLoader.logTo - Located environment: name=order-service, profiles=[default], label=null, version=02b047b067ea222d588ec1ebb64f785770997b2e, state=null
02-10-2024 14:36:54.207 [main] [-] INFO  order-service-o.s.c.c.c.ConfigServerConfigDataLoader.logTo - Fetching config from server at : http://localhost:8888
02-10-2024 14:36:54.207 [main] [-] INFO  order-service-o.s.c.c.c.ConfigServerConfigDataLoader.logTo - Located environment: name=order-service, profiles=[dev], label=null, version=02b047b067ea222d588ec1ebb64f785770997b2e, state=null
02-10-2024 14:36:57.718 [main] [-] INFO  order-service-o.s.d.r.c.RepositoryConfigurationDelegate.registerRepositoriesIn - Bootstrapping Spring Data JPA repositories in DEFAULT mode.
02-10-2024 14:36:58.110 [main] [-] INFO  order-service-o.s.d.r.c.RepositoryConfigurationDelegate.registerRepositoriesIn - Finished Spring Data repository scanning in 366 ms. Found 1 JPA repository interface.
02-10-2024 14:36:59.494 [main] [-] INFO  order-service-o.s.cloud.context.scope.GenericScope.setSerializationId - BeanFactory id=ac12862c-50e0-35df-af85-a98bf54eed33
02-10-2024 14:37:00.663 [main] [-] WARN  order-service-o.s.c.s.PostProcessorRegistrationDelegate$BeanPostProcessorChecker.postProcessAfterInitialization - Bean 'org.springframework.cloud.client.loadbalancer.LoadBalancerAutoConfiguration$DeferringLoadBalancerInterceptorConfig' of type [org.springframework.cloud.client.loadbalancer.LoadBalancerAutoConfiguration$DeferringLoadBalancerInterceptorConfig] is not eligible for getting processed by all BeanPostProcessors (for example: not eligible for auto-proxying). The currently created BeanPostProcessor [lbRestClientPostProcessor] is declared through a non-static factory method on that class; consider declaring it as static instead.
02-10-2024 14:37:00.680 [main] [-] WARN  order-service-o.s.c.s.PostProcessorRegistrationDelegate$BeanPostProcessorChecker.postProcessAfterInitialization - Bean 'deferringLoadBalancerInterceptor' of type [org.springframework.cloud.client.loadbalancer.DeferringLoadBalancerInterceptor] is not eligible for getting processed by all BeanPostProcessors (for example: not eligible for auto-proxying). Is this bean getting eagerly injected into a currently created BeanPostProcessor [lbRestClientPostProcessor]? Check the corresponding BeanPostProcessor declaration and its dependencies.
02-10-2024 14:37:02.023 [main] [-] INFO  order-service-o.s.b.w.e.tomcat.TomcatWebServer.initialize - Tomcat initialized with port 9020 (http)
02-10-2024 14:37:02.051 [main] [-] INFO  order-service-o.a.coyote.http11.Http11NioProtocol.log - Initializing ProtocolHandler ["http-nio-9020"]
02-10-2024 14:37:02.064 [main] [-] INFO  order-service-o.a.catalina.core.StandardService.log - Starting service [Tomcat]
02-10-2024 14:37:02.065 [main] [-] INFO  order-service-o.a.catalina.core.StandardEngine.log - Starting Servlet engine: [Apache Tomcat/10.1.30]
02-10-2024 14:37:02.289 [main] [-] INFO  order-service-o.a.c.c.C.[.[localhost].[/orders].log - Initializing Spring embedded WebApplicationContext
02-10-2024 14:37:02.290 [main] [-] INFO  order-service-o.s.b.w.s.c.ServletWebServerApplicationContext.prepareWebApplicationContext - Root WebApplicationContext: initialization completed in 8070 ms
02-10-2024 14:37:05.437 [main] [-] INFO  order-service-o.h.jpa.internal.util.LogHelper.logPersistenceUnitInformation - HHH000204: Processing PersistenceUnitInfo [name: default]
02-10-2024 14:37:05.731 [main] [-] INFO  order-service-org.hibernate.Version.logVersion - HHH000412: Hibernate ORM core version 6.5.3.Final
02-10-2024 14:37:05.917 [main] [-] INFO  order-service-o.h.c.i.RegionFactoryInitiator.initiateService - HHH000026: Second-level cache disabled
02-10-2024 14:37:07.148 [main] [-] INFO  order-service-o.s.o.j.p.SpringPersistenceUnitInfo.addTransformer - No LoadTimeWeaver setup: ignoring JPA class transformer
02-10-2024 14:37:07.232 [main] [-] INFO  order-service-com.zaxxer.hikari.HikariDataSource.getConnection - HikariPool-1 - Starting...
02-10-2024 14:37:07.696 [main] [-] INFO  order-service-com.zaxxer.hikari.pool.HikariPool.checkFailFast - HikariPool-1 - Added connection org.postgresql.jdbc.PgConnection@60c33609
02-10-2024 14:37:07.700 [main] [-] INFO  order-service-com.zaxxer.hikari.HikariDataSource.getConnection - HikariPool-1 - Start completed.
02-10-2024 14:37:09.858 [main] [-] INFO  order-service-o.h.e.t.j.p.i.JtaPlatformInitiator.initiateService - HHH000489: No JTA platform available (set 'hibernate.transaction.jta.platform' to enable JTA platform integration)
02-10-2024 14:37:09.874 [main] [-] WARN  order-service-o.h.e.jdbc.spi.SqlExceptionHelper.logWarning - SQL Warning Code: 0, SQLState: 00000
02-10-2024 14:37:09.874 [main] [-] WARN  order-service-o.h.e.jdbc.spi.SqlExceptionHelper.logWarning - relation "order_item" does not exist, skipping
02-10-2024 14:37:09.875 [main] [-] WARN  order-service-o.h.e.jdbc.spi.SqlExceptionHelper.logWarning - SQL Warning Code: 0, SQLState: 00000
02-10-2024 14:37:09.875 [main] [-] WARN  order-service-o.h.e.jdbc.spi.SqlExceptionHelper.logWarning - table "order_item" does not exist, skipping
02-10-2024 14:37:09.875 [main] [-] WARN  order-service-o.h.e.jdbc.spi.SqlExceptionHelper.logWarning - SQL Warning Code: 0, SQLState: 00000
02-10-2024 14:37:09.876 [main] [-] WARN  order-service-o.h.e.jdbc.spi.SqlExceptionHelper.logWarning - table "orders" does not exist, skipping
02-10-2024 14:37:09.934 [main] [-] INFO  order-service-o.s.o.j.LocalContainerEntityManagerFactoryBean.buildNativeEntityManagerFactory - Initialized JPA EntityManagerFactory for persistence unit 'default'
02-10-2024 14:37:11.321 [main] [-] WARN  order-service-o.s.b.a.o.j.JpaBaseConfiguration$JpaWebConfiguration.openEntityManagerInViewInterceptor - spring.jpa.open-in-view is enabled by default. Therefore, database queries may be performed during view rendering. Explicitly configure spring.jpa.open-in-view to disable this warning
02-10-2024 14:37:12.432 [main] [-] INFO  order-service-o.s.cloud.commons.util.InetUtils.convertAddress - Cannot determine local hostname
02-10-2024 14:37:12.541 [main] [-] INFO  order-service-o.s.c.o.FeignClientFactoryBean.getTarget - For 'inventory-service' URL not provided. Will try picking an instance via load-balancing.
02-10-2024 14:37:19.319 [main] [-] INFO  order-service-o.s.cloud.commons.util.InetUtils.convertAddress - Cannot determine local hostname
02-10-2024 14:37:19.348 [main] [-] INFO  order-service-o.s.c.n.e.c.DiscoveryClientOptionalArgsConfiguration.restTemplateDiscoveryClientOptionalArgs - Eureka HTTP Client uses RestTemplate.
02-10-2024 14:37:19.426 [main] [-] WARN  order-service-o.s.c.l.c.LoadBalancerCacheAutoConfiguration$LoadBalancerCaffeineWarnLogger.afterPropertiesSet - Spring Cloud LoadBalancer is currently working with the default cache. While this cache implementation is useful for development and tests, it's recommended to use Caffeine cache in production.You can switch to using Caffeine cache, by adding it and org.springframework.cache.caffeine.CaffeineCacheManager to the classpath.
02-10-2024 14:37:19.480 [main] [-] INFO  order-service-o.s.b.a.e.web.EndpointLinksResolver.<init> - Exposing 25 endpoints beneath base path '/actuator'
02-10-2024 14:37:19.640 [main] [-] INFO  order-service-o.s.c.n.eureka.InstanceInfoFactory.create - Setting initial instance status as: STARTING
02-10-2024 14:37:19.692 [main] [-] INFO  order-service-c.netflix.discovery.DiscoveryClient.<init> - Initializing Eureka in region us-east-1
02-10-2024 14:37:19.702 [main] [-] INFO  order-service-c.n.d.s.r.aws.ConfigClusterResolver.getClusterEndpoints - Resolving eureka endpoints via configuration
02-10-2024 14:37:19.716 [main] [-] INFO  order-service-c.netflix.discovery.DiscoveryClient.fetchRegistry - Disable delta property : false
02-10-2024 14:37:19.716 [main] [-] INFO  order-service-c.netflix.discovery.DiscoveryClient.fetchRegistry - Single vip registry refresh property : null
02-10-2024 14:37:19.716 [main] [-] INFO  order-service-c.netflix.discovery.DiscoveryClient.fetchRegistry - Force full registry fetch : false
02-10-2024 14:37:19.717 [main] [-] INFO  order-service-c.netflix.discovery.DiscoveryClient.fetchRegistry - Application is null : false
02-10-2024 14:37:19.717 [main] [-] INFO  order-service-c.netflix.discovery.DiscoveryClient.fetchRegistry - Registered Applications size is zero : true
02-10-2024 14:37:19.717 [main] [-] INFO  order-service-c.netflix.discovery.DiscoveryClient.fetchRegistry - Application version is -1: true
02-10-2024 14:37:19.717 [main] [-] INFO  order-service-c.netflix.discovery.DiscoveryClient.getAndStoreFullRegistry - Getting all instance registry info from the eureka server
02-10-2024 14:37:19.996 [main] [-] INFO  order-service-c.netflix.discovery.DiscoveryClient.getAndStoreFullRegistry - The response status is 200
02-10-2024 14:37:19.998 [main] [-] INFO  order-service-c.netflix.discovery.DiscoveryClient.initScheduledTasks - Starting heartbeat executor: renew interval is: 30
02-10-2024 14:37:20.000 [main] [-] INFO  order-service-c.n.discovery.InstanceInfoReplicator.<init> - InstanceInfoReplicator onDemand update allowed rate per min is 4
02-10-2024 14:37:20.001 [main] [-] INFO  order-service-c.netflix.discovery.DiscoveryClient.<init> - Discovery Client initialized at timestamp 1727860040001 with initial instances count: 2
02-10-2024 14:37:20.010 [main] [-] INFO  order-service-o.s.c.n.e.s.EurekaServiceRegistry.register - Registering application ORDER-SERVICE with eureka with status UP
02-10-2024 14:37:20.012 [main] [-] INFO  order-service-c.netflix.discovery.DiscoveryClient.notify - Saw local status change event StatusChangeEvent [timestamp=1727860040012, current=UP, previous=STARTING]
02-10-2024 14:37:20.014 [DiscoveryClient-InstanceInfoReplicator-%d] [-] INFO  order-service-c.netflix.discovery.DiscoveryClient.register - DiscoveryClient_ORDER-SERVICE/localhost:order-service:9020: registering service...
02-10-2024 14:37:20.014 [main] [-] INFO  order-service-o.a.coyote.http11.Http11NioProtocol.log - Starting ProtocolHandler ["http-nio-9020"]
02-10-2024 14:37:20.048 [main] [-] INFO  order-service-o.s.b.w.e.tomcat.TomcatWebServer.start - Tomcat started on port 9020 (http) with context path '/orders'
02-10-2024 14:37:20.049 [main] [-] INFO  order-service-o.s.c.n.e.s.EurekaAutoServiceRegistration.onApplicationEvent - Updating port to 9020
02-10-2024 14:37:20.083 [DiscoveryClient-InstanceInfoReplicator-%d] [-] INFO  order-service-c.netflix.discovery.DiscoveryClient.register - DiscoveryClient_ORDER-SERVICE/localhost:order-service:9020 - registration status: 204
02-10-2024 14:37:21.064 [main] [-] INFO  order-service-o.s.cloud.commons.util.InetUtils.convertAddress - Cannot determine local hostname
02-10-2024 14:37:21.102 [main] [-] INFO  order-service-c.s.e.o.OrderServiceApplication.logStarted - Started OrderServiceApplication in 35.17 seconds (process running for 36.236)
02-10-2024 14:37:21.221 [main] [-] INFO  order-service-c.s.e.o.OrderServiceApplication.main - Order Service in Ecommerce started successfully.
02-10-2024 14:42:19.731 [AsyncResolver-bootstrap-executor-%d] [-] INFO  order-service-c.n.d.s.r.aws.ConfigClusterResolver.getClusterEndpoints - Resolving eureka endpoints via configuration
02-10-2024 14:47:19.744 [AsyncResolver-bootstrap-executor-%d] [-] INFO  order-service-c.n.d.s.r.aws.ConfigClusterResolver.getClusterEndpoints - Resolving eureka endpoints via configuration
02-10-2024 14:52:19.751 [AsyncResolver-bootstrap-executor-%d] [-] INFO  order-service-c.n.d.s.r.aws.ConfigClusterResolver.getClusterEndpoints - Resolving eureka endpoints via configuration
02-10-2024 14:57:19.766 [AsyncResolver-bootstrap-executor-%d] [-] INFO  order-service-c.n.d.s.r.aws.ConfigClusterResolver.getClusterEndpoints - Resolving eureka endpoints via configuration
02-10-2024 15:02:19.790 [AsyncResolver-bootstrap-executor-%d] [-] INFO  order-service-c.n.d.s.r.aws.ConfigClusterResolver.getClusterEndpoints - Resolving eureka endpoints via configuration
02-10-2024 15:05:05.652 [http-nio-9020-exec-1] [-] INFO  order-service-o.a.c.c.C.[.[localhost].[/orders].log - Initializing Spring DispatcherServlet 'dispatcherServlet'
02-10-2024 15:05:05.659 [http-nio-9020-exec-1] [-] INFO  order-service-o.s.web.servlet.DispatcherServlet.initServletBean - Initializing Servlet 'dispatcherServlet'
02-10-2024 15:05:05.853 [http-nio-9020-exec-1] [-] INFO  order-service-o.s.web.servlet.DispatcherServlet.initServletBean - Completed initialization in 192 ms
02-10-2024 15:07:19.792 [AsyncResolver-bootstrap-executor-%d] [-] INFO  order-service-c.n.d.s.r.aws.ConfigClusterResolver.getClusterEndpoints - Resolving eureka endpoints via configuration
02-10-2024 15:12:19.818 [AsyncResolver-bootstrap-executor-%d] [-] INFO  order-service-c.n.d.s.r.aws.ConfigClusterResolver.getClusterEndpoints - Resolving eureka endpoints via configuration
02-10-2024 15:17:19.848 [AsyncResolver-bootstrap-executor-%d] [-] INFO  order-service-c.n.d.s.r.aws.ConfigClusterResolver.getClusterEndpoints - Resolving eureka endpoints via configuration
02-10-2024 15:22:19.862 [AsyncResolver-bootstrap-executor-%d] [-] INFO  order-service-c.n.d.s.r.aws.ConfigClusterResolver.getClusterEndpoints - Resolving eureka endpoints via configuration
02-10-2024 15:27:19.880 [AsyncResolver-bootstrap-executor-%d] [-] INFO  order-service-c.n.d.s.r.aws.ConfigClusterResolver.getClusterEndpoints - Resolving eureka endpoints via configuration
02-10-2024 15:32:19.898 [AsyncResolver-bootstrap-executor-%d] [-] INFO  order-service-c.n.d.s.r.aws.ConfigClusterResolver.getClusterEndpoints - Resolving eureka endpoints via configuration
02-10-2024 15:34:08.746 [SpringApplicationShutdownHook] [-] INFO  order-service-o.s.c.n.e.s.EurekaServiceRegistry.deregister - Unregistering application ORDER-SERVICE with eureka with status DOWN
02-10-2024 15:34:08.754 [SpringApplicationShutdownHook] [-] INFO  order-service-c.netflix.discovery.DiscoveryClient.notify - Saw local status change event StatusChangeEvent [timestamp=1727863448754, current=DOWN, previous=UP]
02-10-2024 15:34:08.763 [DiscoveryClient-InstanceInfoReplicator-%d] [-] INFO  order-service-c.netflix.discovery.DiscoveryClient.register - DiscoveryClient_ORDER-SERVICE/localhost:order-service:9020: registering service...
02-10-2024 15:34:08.820 [DiscoveryClient-InstanceInfoReplicator-%d] [-] INFO  order-service-c.netflix.discovery.DiscoveryClient.register - DiscoveryClient_ORDER-SERVICE/localhost:order-service:9020 - registration status: 204
02-10-2024 15:34:09.099 [SpringApplicationShutdownHook] [-] INFO  order-service-o.s.o.j.LocalContainerEntityManagerFactoryBean.destroy - Closing JPA EntityManagerFactory for persistence unit 'default'
02-10-2024 15:34:09.227 [SpringApplicationShutdownHook] [-] INFO  order-service-com.zaxxer.hikari.HikariDataSource.close - HikariPool-1 - Shutdown initiated...
02-10-2024 15:34:09.258 [SpringApplicationShutdownHook] [-] INFO  order-service-com.zaxxer.hikari.HikariDataSource.close - HikariPool-1 - Shutdown completed.
02-10-2024 15:34:09.535 [SpringApplicationShutdownHook] [-] INFO  order-service-c.netflix.discovery.DiscoveryClient.shutdown - Shutting down DiscoveryClient ...
02-10-2024 15:34:12.545 [SpringApplicationShutdownHook] [-] INFO  order-service-c.netflix.discovery.DiscoveryClient.unregister - Unregistering ...
02-10-2024 15:34:12.610 [SpringApplicationShutdownHook] [-] INFO  order-service-c.netflix.discovery.DiscoveryClient.unregister - DiscoveryClient_ORDER-SERVICE/localhost:order-service:9020 - deregister  status: 200
02-10-2024 15:34:12.613 [SpringApplicationShutdownHook] [-] INFO  order-service-c.netflix.discovery.DiscoveryClient.shutdown - Completed shut down of DiscoveryClient
02-10-2024 15:34:26.438 [main] [-] INFO  order-service-c.s.e.o.OrderServiceApplication.logStarting - Starting OrderServiceApplication using Java 21.0.3 with PID 16008 (E:\Spring_Boot_Coding_Shuttle\1_to_100\WEEK_4\ecommerce\order-service\target\classes started by saura in E:\Spring_Boot_Coding_Shuttle\1_to_100\WEEK_4\ecommerce)
02-10-2024 15:34:26.442 [main] [-] INFO  order-service-c.s.e.o.OrderServiceApplication.logStartupProfileInfo - The following 1 profile is active: "dev"
02-10-2024 15:34:26.496 [main] [-] INFO  order-service-o.s.c.c.c.ConfigServerConfigDataLoader.logTo - Fetching config from server at : http://localhost:8888
02-10-2024 15:34:26.497 [main] [-] INFO  order-service-o.s.c.c.c.ConfigServerConfigDataLoader.logTo - Located environment: name=order-service, profiles=[default], label=null, version=02b047b067ea222d588ec1ebb64f785770997b2e, state=null
02-10-2024 15:34:26.497 [main] [-] INFO  order-service-o.s.c.c.c.ConfigServerConfigDataLoader.logTo - Fetching config from server at : http://localhost:8888
02-10-2024 15:34:26.497 [main] [-] INFO  order-service-o.s.c.c.c.ConfigServerConfigDataLoader.logTo - Located environment: name=order-service, profiles=[dev], label=null, version=02b047b067ea222d588ec1ebb64f785770997b2e, state=null
02-10-2024 15:34:28.546 [main] [-] INFO  order-service-o.s.d.r.c.RepositoryConfigurationDelegate.registerRepositoriesIn - Bootstrapping Spring Data JPA repositories in DEFAULT mode.
02-10-2024 15:34:28.737 [main] [-] INFO  order-service-o.s.d.r.c.RepositoryConfigurationDelegate.registerRepositoriesIn - Finished Spring Data repository scanning in 178 ms. Found 1 JPA repository interface.
02-10-2024 15:34:29.632 [main] [-] INFO  order-service-o.s.cloud.context.scope.GenericScope.setSerializationId - BeanFactory id=ac12862c-50e0-35df-af85-a98bf54eed33
02-10-2024 15:34:30.193 [main] [-] WARN  order-service-o.s.c.s.PostProcessorRegistrationDelegate$BeanPostProcessorChecker.postProcessAfterInitialization - Bean 'org.springframework.cloud.client.loadbalancer.LoadBalancerAutoConfiguration$DeferringLoadBalancerInterceptorConfig' of type [org.springframework.cloud.client.loadbalancer.LoadBalancerAutoConfiguration$DeferringLoadBalancerInterceptorConfig] is not eligible for getting processed by all BeanPostProcessors (for example: not eligible for auto-proxying). The currently created BeanPostProcessor [lbRestClientPostProcessor] is declared through a non-static factory method on that class; consider declaring it as static instead.
02-10-2024 15:34:30.198 [main] [-] WARN  order-service-o.s.c.s.PostProcessorRegistrationDelegate$BeanPostProcessorChecker.postProcessAfterInitialization - Bean 'deferringLoadBalancerInterceptor' of type [org.springframework.cloud.client.loadbalancer.DeferringLoadBalancerInterceptor] is not eligible for getting processed by all BeanPostProcessors (for example: not eligible for auto-proxying). Is this bean getting eagerly injected into a currently created BeanPostProcessor [lbRestClientPostProcessor]? Check the corresponding BeanPostProcessor declaration and its dependencies.
02-10-2024 15:34:30.836 [main] [-] INFO  order-service-o.s.b.w.e.tomcat.TomcatWebServer.initialize - Tomcat initialized with port 9020 (http)
02-10-2024 15:34:30.865 [main] [-] INFO  order-service-o.a.coyote.http11.Http11NioProtocol.log - Initializing ProtocolHandler ["http-nio-9020"]
02-10-2024 15:34:30.873 [main] [-] INFO  order-service-o.a.catalina.core.StandardService.log - Starting service [Tomcat]
02-10-2024 15:34:30.874 [main] [-] INFO  order-service-o.a.catalina.core.StandardEngine.log - Starting Servlet engine: [Apache Tomcat/10.1.30]
02-10-2024 15:34:31.061 [main] [-] INFO  order-service-o.a.c.c.C.[.[localhost].[/orders].log - Initializing Spring embedded WebApplicationContext
02-10-2024 15:34:31.063 [main] [-] INFO  order-service-o.s.b.w.s.c.ServletWebServerApplicationContext.prepareWebApplicationContext - Root WebApplicationContext: initialization completed in 4563 ms
02-10-2024 15:34:32.543 [main] [-] INFO  order-service-o.h.jpa.internal.util.LogHelper.logPersistenceUnitInformation - HHH000204: Processing PersistenceUnitInfo [name: default]
02-10-2024 15:34:32.656 [main] [-] INFO  order-service-org.hibernate.Version.logVersion - HHH000412: Hibernate ORM core version 6.5.3.Final
02-10-2024 15:34:32.723 [main] [-] INFO  order-service-o.h.c.i.RegionFactoryInitiator.initiateService - HHH000026: Second-level cache disabled
02-10-2024 15:34:33.151 [main] [-] INFO  order-service-o.s.o.j.p.SpringPersistenceUnitInfo.addTransformer - No LoadTimeWeaver setup: ignoring JPA class transformer
02-10-2024 15:34:33.187 [main] [-] INFO  order-service-com.zaxxer.hikari.HikariDataSource.getConnection - HikariPool-1 - Starting...
02-10-2024 15:34:33.404 [main] [-] INFO  order-service-com.zaxxer.hikari.pool.HikariPool.checkFailFast - HikariPool-1 - Added connection org.postgresql.jdbc.PgConnection@18baee88
02-10-2024 15:34:33.405 [main] [-] INFO  order-service-com.zaxxer.hikari.HikariDataSource.getConnection - HikariPool-1 - Start completed.
02-10-2024 15:34:35.200 [main] [-] INFO  order-service-o.h.e.t.j.p.i.JtaPlatformInitiator.initiateService - HHH000489: No JTA platform available (set 'hibernate.transaction.jta.platform' to enable JTA platform integration)
02-10-2024 15:34:35.217 [main] [-] WARN  order-service-o.h.e.jdbc.spi.SqlExceptionHelper.logWarning - SQL Warning Code: 0, SQLState: 00000
02-10-2024 15:34:35.218 [main] [-] WARN  order-service-o.h.e.jdbc.spi.SqlExceptionHelper.logWarning - relation "order_item" does not exist, skipping
02-10-2024 15:34:35.218 [main] [-] WARN  order-service-o.h.e.jdbc.spi.SqlExceptionHelper.logWarning - SQL Warning Code: 0, SQLState: 00000
02-10-2024 15:34:35.219 [main] [-] WARN  order-service-o.h.e.jdbc.spi.SqlExceptionHelper.logWarning - table "order_item" does not exist, skipping
02-10-2024 15:34:35.219 [main] [-] WARN  order-service-o.h.e.jdbc.spi.SqlExceptionHelper.logWarning - SQL Warning Code: 0, SQLState: 00000
02-10-2024 15:34:35.219 [main] [-] WARN  order-service-o.h.e.jdbc.spi.SqlExceptionHelper.logWarning - table "orders" does not exist, skipping
02-10-2024 15:34:35.254 [main] [-] INFO  order-service-o.s.o.j.LocalContainerEntityManagerFactoryBean.buildNativeEntityManagerFactory - Initialized JPA EntityManagerFactory for persistence unit 'default'
02-10-2024 15:34:36.152 [main] [-] WARN  order-service-o.s.b.a.o.j.JpaBaseConfiguration$JpaWebConfiguration.openEntityManagerInViewInterceptor - spring.jpa.open-in-view is enabled by default. Therefore, database queries may be performed during view rendering. Explicitly configure spring.jpa.open-in-view to disable this warning
02-10-2024 15:34:37.255 [main] [-] INFO  order-service-o.s.cloud.commons.util.InetUtils.convertAddress - Cannot determine local hostname
02-10-2024 15:34:37.325 [main] [-] INFO  order-service-o.s.c.o.FeignClientFactoryBean.getTarget - For 'inventory-service' URL not provided. Will try picking an instance via load-balancing.
02-10-2024 15:34:40.216 [main] [-] INFO  order-service-o.s.cloud.commons.util.InetUtils.convertAddress - Cannot determine local hostname
02-10-2024 15:34:40.263 [main] [-] INFO  order-service-o.s.c.n.e.c.DiscoveryClientOptionalArgsConfiguration.restTemplateDiscoveryClientOptionalArgs - Eureka HTTP Client uses RestTemplate.
02-10-2024 15:34:40.322 [main] [-] WARN  order-service-o.s.c.l.c.LoadBalancerCacheAutoConfiguration$LoadBalancerCaffeineWarnLogger.afterPropertiesSet - Spring Cloud LoadBalancer is currently working with the default cache. While this cache implementation is useful for development and tests, it's recommended to use Caffeine cache in production.You can switch to using Caffeine cache, by adding it and org.springframework.cache.caffeine.CaffeineCacheManager to the classpath.
02-10-2024 15:34:40.349 [main] [-] INFO  order-service-o.s.b.a.e.web.EndpointLinksResolver.<init> - Exposing 25 endpoints beneath base path '/actuator'
02-10-2024 15:34:40.434 [main] [-] INFO  order-service-o.s.c.n.eureka.InstanceInfoFactory.create - Setting initial instance status as: STARTING
02-10-2024 15:34:40.472 [main] [-] INFO  order-service-c.netflix.discovery.DiscoveryClient.<init> - Initializing Eureka in region us-east-1
02-10-2024 15:34:40.476 [main] [-] INFO  order-service-c.n.d.s.r.aws.ConfigClusterResolver.getClusterEndpoints - Resolving eureka endpoints via configuration
02-10-2024 15:34:40.489 [main] [-] INFO  order-service-c.netflix.discovery.DiscoveryClient.fetchRegistry - Disable delta property : false
02-10-2024 15:34:40.490 [main] [-] INFO  order-service-c.netflix.discovery.DiscoveryClient.fetchRegistry - Single vip registry refresh property : null
02-10-2024 15:34:40.490 [main] [-] INFO  order-service-c.netflix.discovery.DiscoveryClient.fetchRegistry - Force full registry fetch : false
02-10-2024 15:34:40.491 [main] [-] INFO  order-service-c.netflix.discovery.DiscoveryClient.fetchRegistry - Application is null : false
02-10-2024 15:34:40.491 [main] [-] INFO  order-service-c.netflix.discovery.DiscoveryClient.fetchRegistry - Registered Applications size is zero : true
02-10-2024 15:34:40.491 [main] [-] INFO  order-service-c.netflix.discovery.DiscoveryClient.fetchRegistry - Application version is -1: true
02-10-2024 15:34:40.491 [main] [-] INFO  order-service-c.netflix.discovery.DiscoveryClient.getAndStoreFullRegistry - Getting all instance registry info from the eureka server
02-10-2024 15:34:40.684 [main] [-] INFO  order-service-c.netflix.discovery.DiscoveryClient.getAndStoreFullRegistry - The response status is 200
02-10-2024 15:34:40.687 [main] [-] INFO  order-service-c.netflix.discovery.DiscoveryClient.initScheduledTasks - Starting heartbeat executor: renew interval is: 30
02-10-2024 15:34:40.690 [main] [-] INFO  order-service-c.n.discovery.InstanceInfoReplicator.<init> - InstanceInfoReplicator onDemand update allowed rate per min is 4
02-10-2024 15:34:40.691 [main] [-] INFO  order-service-c.netflix.discovery.DiscoveryClient.<init> - Discovery Client initialized at timestamp 1727863480691 with initial instances count: 3
02-10-2024 15:34:40.701 [main] [-] INFO  order-service-o.s.c.n.e.s.EurekaServiceRegistry.register - Registering application ORDER-SERVICE with eureka with status UP
02-10-2024 15:34:40.703 [main] [-] INFO  order-service-c.netflix.discovery.DiscoveryClient.notify - Saw local status change event StatusChangeEvent [timestamp=1727863480703, current=UP, previous=STARTING]
02-10-2024 15:34:40.705 [DiscoveryClient-InstanceInfoReplicator-%d] [-] INFO  order-service-c.netflix.discovery.DiscoveryClient.register - DiscoveryClient_ORDER-SERVICE/localhost:order-service:9020: registering service...
02-10-2024 15:34:40.705 [main] [-] INFO  order-service-o.a.coyote.http11.Http11NioProtocol.log - Starting ProtocolHandler ["http-nio-9020"]
02-10-2024 15:34:40.737 [main] [-] INFO  order-service-o.s.b.w.e.tomcat.TomcatWebServer.start - Tomcat started on port 9020 (http) with context path '/orders'
02-10-2024 15:34:40.738 [main] [-] INFO  order-service-o.s.c.n.e.s.EurekaAutoServiceRegistration.onApplicationEvent - Updating port to 9020
02-10-2024 15:34:40.767 [DiscoveryClient-InstanceInfoReplicator-%d] [-] INFO  order-service-c.netflix.discovery.DiscoveryClient.register - DiscoveryClient_ORDER-SERVICE/localhost:order-service:9020 - registration status: 204
02-10-2024 15:34:41.745 [main] [-] INFO  order-service-o.s.cloud.commons.util.InetUtils.convertAddress - Cannot determine local hostname
02-10-2024 15:34:41.774 [main] [-] INFO  order-service-c.s.e.o.OrderServiceApplication.logStarted - Started OrderServiceApplication in 22.001 seconds (process running for 22.745)
02-10-2024 15:34:41.895 [main] [-] INFO  order-service-c.s.e.o.OrderServiceApplication.main - Order Service in Ecommerce started successfully.
02-10-2024 15:35:36.441 [http-nio-9020-exec-1] [-] INFO  order-service-o.a.c.c.C.[.[localhost].[/orders].log - Initializing Spring DispatcherServlet 'dispatcherServlet'
02-10-2024 15:35:36.441 [http-nio-9020-exec-1] [-] INFO  order-service-o.s.web.servlet.DispatcherServlet.initServletBean - Initializing Servlet 'dispatcherServlet'
02-10-2024 15:35:36.444 [http-nio-9020-exec-1] [-] INFO  order-service-o.s.web.servlet.DispatcherServlet.initServletBean - Completed initialization in 2 ms
02-10-2024 15:35:36.507 [http-nio-9020-exec-1] [66fd1aef37ef5c1e7c421c24da9789a7-af55538365ec898d] INFO  order-service-c.s.e.o.controllers.OrdersController.currentProfile - User tracking disabled awww, my variable is: order-github-dev-profile
02-10-2024 15:39:40.519 [AsyncResolver-bootstrap-executor-%d] [-] INFO  order-service-c.n.d.s.r.aws.ConfigClusterResolver.getClusterEndpoints - Resolving eureka endpoints via configuration
